# JRE version: Java(TM) SE Runtime Environment (8.0_121-b13) (build 1.8.0_121-b13)
# Java VM: Java HotSpot(TM) 64-Bit Server VM (25.121-b13 mixed mode windows-amd64 compressed oops)
Heap:
 PSYoungGen      total 260096K, used 12703K [0x00000000d5a00000, 0x00000000eb980000, 0x0000000100000000)
  eden space 224768K, 0% used [0x00000000d5a00000,0x00000000d5a00000,0x00000000e3580000)
  from space 35328K, 35% used [0x00000000e3580000,0x00000000e41e7fe8,0x00000000e5800000)
  to   space 34304K, 0% used [0x00000000e9800000,0x00000000e9800000,0x00000000eb980000)
 ParOldGen       total 130560K, used 52629K [0x0000000080e00000, 0x0000000088d80000, 0x00000000d5a00000)
  object space 130560K, 40% used [0x0000000080e00000,0x0000000084165778,0x0000000088d80000)
 Metaspace       used 58088K, capacity 58856K, committed 59136K, reserved 1101824K
  class space    used 6560K, capacity 6794K, committed 6912K, reserved 1048576K
GC Heap History (10 events):
Event: 14.012 GC heap after
Heap after GC invocations=11 (full 1):
 PSYoungGen      total 204288K, used 23870K [0x00000000d5a00000, 0x00000000e5080000, 0x0000000100000000)
  eden space 167936K, 0% used [0x00000000d5a00000,0x00000000d5a00000,0x00000000dfe00000)
  from space 36352K, 65% used [0x00000000e2280000,0x00000000e39cfbc0,0x00000000e4600000)
  to   space 37376K, 0% used [0x00000000dfe00000,0x00000000dfe00000,0x00000000e2280000)
 ParOldGen       total 68608K, used 53820K [0x0000000080e00000, 0x0000000085100000, 0x00000000d5a00000)
  object space 68608K, 78% used [0x0000000080e00000,0x000000008428f160,0x0000000085100000)
 Metaspace       used 30291K, capacity 30776K, committed 31104K, reserved 1077248K
  class space    used 3502K, capacity 3677K, committed 3712K, reserved 1048576K
}
Event: 15.444 GC heap before
{Heap before GC invocations=12 (full 1):
 PSYoungGen      total 204288K, used 181121K [0x00000000d5a00000, 0x00000000e5080000, 0x0000000100000000)
  eden space 167936K, 93% used [0x00000000d5a00000,0x00000000df390aa8,0x00000000dfe00000)
  from space 36352K, 65% used [0x00000000e2280000,0x00000000e39cfbc0,0x00000000e4600000)
  to   space 37376K, 0% used [0x00000000dfe00000,0x00000000dfe00000,0x00000000e2280000)
 ParOldGen       total 68608K, used 53820K [0x0000000080e00000, 0x0000000085100000, 0x00000000d5a00000)
  object space 68608K, 78% used [0x0000000080e00000,0x000000008428f160,0x0000000085100000)
 Metaspace       used 34582K, capacity 35222K, committed 35496K, reserved 1081344K
  class space    used 4038K, capacity 4239K, committed 4352K, reserved 1048576K
Event: 15.476 GC heap after
Heap after GC invocations=12 (full 1):
 PSYoungGen      total 205312K, used 21084K [0x00000000d5a00000, 0x00000000e8800000, 0x0000000100000000)
  eden space 167936K, 0% used [0x00000000d5a00000,0x00000000d5a00000,0x00000000dfe00000)
  from space 37376K, 56% used [0x00000000dfe00000,0x00000000e12971f0,0x00000000e2280000)
  to   space 37376K, 0% used [0x00000000e6380000,0x00000000e6380000,0x00000000e8800000)
 ParOldGen       total 68608K, used 55301K [0x0000000080e00000, 0x0000000085100000, 0x00000000d5a00000)
  object space 68608K, 80% used [0x0000000080e00000,0x0000000084401780,0x0000000085100000)
 Metaspace       used 34582K, capacity 35222K, committed 35496K, reserved 1081344K
  class space    used 4038K, capacity 4239K, committed 4352K, reserved 1048576K
}
Event: 15.476 GC heap before
{Heap before GC invocations=13 (full 2):
 PSYoungGen      total 205312K, used 21084K [0x00000000d5a00000, 0x00000000e8800000, 0x0000000100000000)
  eden space 167936K, 0% used [0x00000000d5a00000,0x00000000d5a00000,0x00000000dfe00000)
  from space 37376K, 56% used [0x00000000dfe00000,0x00000000e12971f0,0x00000000e2280000)
  to   space 37376K, 0% used [0x00000000e6380000,0x00000000e6380000,0x00000000e8800000)
 ParOldGen       total 68608K, used 55301K [0x0000000080e00000, 0x0000000085100000, 0x00000000d5a00000)
  object space 68608K, 80% used [0x0000000080e00000,0x0000000084401780,0x0000000085100000)
 Metaspace       used 34582K, capacity 35222K, committed 35496K, reserved 1081344K
  class space    used 4038K, capacity 4239K, committed 4352K, reserved 1048576K
Event: 15.738 GC heap after
Heap after GC invocations=13 (full 2):
 PSYoungGen      total 205312K, used 0K [0x00000000d5a00000, 0x00000000e8800000, 0x0000000100000000)
  eden space 167936K, 0% used [0x00000000d5a00000,0x00000000d5a00000,0x00000000dfe00000)
  from space 37376K, 0% used [0x00000000dfe00000,0x00000000dfe00000,0x00000000e2280000)
  to   space 37376K, 0% used [0x00000000e6380000,0x00000000e6380000,0x00000000e8800000)
 ParOldGen       total 130560K, used 43831K [0x0000000080e00000, 0x0000000088d80000, 0x00000000d5a00000)
  object space 130560K, 33% used [0x0000000080e00000,0x00000000838cdc58,0x0000000088d80000)
 Metaspace       used 34582K, capacity 35222K, committed 35496K, reserved 1081344K
  class space    used 4038K, capacity 4239K, committed 4352K, reserved 1048576K
}
Event: 18.539 GC heap before
{Heap before GC invocations=14 (full 2):
 PSYoungGen      total 205312K, used 167936K [0x00000000d5a00000, 0x00000000e8800000, 0x0000000100000000)
  eden space 167936K, 100% used [0x00000000d5a00000,0x00000000dfe00000,0x00000000dfe00000)
  from space 37376K, 0% used [0x00000000dfe00000,0x00000000dfe00000,0x00000000e2280000)
  to   space 37376K, 0% used [0x00000000e6380000,0x00000000e6380000,0x00000000e8800000)
 ParOldGen       total 130560K, used 43831K [0x0000000080e00000, 0x0000000088d80000, 0x00000000d5a00000)
  object space 130560K, 33% used [0x0000000080e00000,0x00000000838cdc58,0x0000000088d80000)
 Metaspace       used 47050K, capacity 47750K, committed 48128K, reserved 1091584K
  class space    used 5590K, capacity 5827K, committed 5888K, reserved 1048576K
Event: 18.574 GC heap after
Heap after GC invocations=14 (full 2):
 PSYoungGen      total 248320K, used 17464K [0x00000000d5a00000, 0x00000000e7a80000, 0x0000000100000000)
  eden space 224768K, 0% used [0x00000000d5a00000,0x00000000d5a00000,0x00000000e3580000)
  from space 23552K, 74% used [0x00000000e6380000,0x00000000e748e2f0,0x00000000e7a80000)
  to   space 35328K, 0% used [0x00000000e3580000,0x00000000e3580000,0x00000000e5800000)
 ParOldGen       total 130560K, used 43839K [0x0000000080e00000, 0x0000000088d80000, 0x00000000d5a00000)
  object space 130560K, 33% used [0x0000000080e00000,0x00000000838cfc58,0x0000000088d80000)
 Metaspace       used 47050K, capacity 47750K, committed 48128K, reserved 1091584K
  class space    used 5590K, capacity 5827K, committed 5888K, reserved 1048576K
}
Event: 1703.483 GC heap before
{Heap before GC invocations=15 (full 2):
 PSYoungGen      total 248320K, used 188545K [0x00000000d5a00000, 0x00000000e7a80000, 0x0000000100000000)
  eden space 224768K, 76% used [0x00000000d5a00000,0x00000000e01121d0,0x00000000e3580000)
  from space 23552K, 74% used [0x00000000e6380000,0x00000000e748e2f0,0x00000000e7a80000)
  to   space 35328K, 0% used [0x00000000e3580000,0x00000000e3580000,0x00000000e5800000)
 ParOldGen       total 130560K, used 43839K [0x0000000080e00000, 0x0000000088d80000, 0x00000000d5a00000)
  object space 130560K, 33% used [0x0000000080e00000,0x00000000838cfc58,0x0000000088d80000)
 Metaspace       used 58088K, capacity 58856K, committed 59136K, reserved 1101824K
  class space    used 6560K, capacity 6794K, committed 6912K, reserved 1048576K
Event: 1703.515 GC heap after
Heap after GC invocations=15 (full 2):
 PSYoungGen      total 260096K, used 12703K [0x00000000d5a00000, 0x00000000eb980000, 0x0000000100000000)
  eden space 224768K, 0% used [0x00000000d5a00000,0x00000000d5a00000,0x00000000e3580000)
  from space 35328K, 35% used [0x00000000e3580000,0x00000000e41e7fe8,0x00000000e5800000)
  to   space 34304K, 0% used [0x00000000e9800000,0x00000000e9800000,0x00000000eb980000)
 ParOldGen       total 130560K, used 52629K [0x0000000080e00000, 0x0000000088d80000, 0x00000000d5a00000)
  object space 130560K, 40% used [0x0000000080e00000,0x0000000084165778,0x0000000088d80000)
 Metaspace       used 58088K, capacity 58856K, committed 59136K, reserved 1101824K
  class space    used 6560K, capacity 6794K, committed 6912K, reserved 1048576K
}
Event: 1703.515 GC heap before
{Heap before GC invocations=16 (full 3):
 PSYoungGen      total 260096K, used 12703K [0x00000000d5a00000, 0x00000000eb980000, 0x0000000100000000)
  eden space 224768K, 0% used [0x00000000d5a00000,0x00000000d5a00000,0x00000000e3580000)
  from space 35328K, 35% used [0x00000000e3580000,0x00000000e41e7fe8,0x00000000e5800000)
  to   space 34304K, 0% used [0x00000000e9800000,0x00000000e9800000,0x00000000eb980000)
 ParOldGen       total 130560K, used 52629K [0x0000000080e00000, 0x0000000088d80000, 0x00000000d5a00000)
  object space 130560K, 40% used [0x0000000080e00000,0x0000000084165778,0x0000000088d80000)
 Metaspace       used 58088K, capacity 58856K, committed 59136K, reserved 1101824K
  class space    used 6560K, capacity 6794K, committed 6912K, reserved 1048576K

